<?xml version="1.0" encoding="UTF-8"?>
<coverage generated="1663774949628" clover="3.2.0">
  <project timestamp="1663774949628" name="All files">
    <metrics statements="69" coveredstatements="45" conditionals="0" coveredconditionals="0" methods="18" coveredmethods="14" elements="87" coveredelements="59" complexity="0" loc="69" ncloc="69" packages="3" files="3" classes="3"/>
    <package name="controllers">
      <metrics statements="29" coveredstatements="15" conditionals="0" coveredconditionals="0" methods="6" coveredmethods="4"/>
      <file name="habits.js" path="C:\Users\CamilaPessoa\Documents\Futureproof\Habitual\Central_Repo_Habitual\Back_end_Habitual\controllers\habits.js">
        <metrics statements="29" coveredstatements="15" conditionals="0" coveredconditionals="0" methods="6" coveredmethods="4"/>
        <line num="1" count="1" type="stmt"/>
        <line num="5" count="1" type="stmt"/>
        <line num="6" count="1" type="stmt"/>
        <line num="7" count="1" type="stmt"/>
        <line num="9" count="0" type="stmt"/>
        <line num="16" count="1" type="stmt"/>
        <line num="17" count="1" type="stmt"/>
        <line num="18" count="1" type="stmt"/>
        <line num="21" count="0" type="stmt"/>
        <line num="27" count="1" type="stmt"/>
        <line num="28" count="1" type="stmt"/>
        <line num="29" count="1" type="stmt"/>
        <line num="31" count="0" type="stmt"/>
        <line num="37" count="0" type="stmt"/>
        <line num="38" count="0" type="stmt"/>
        <line num="39" count="0" type="stmt"/>
        <line num="40" count="0" type="stmt"/>
        <line num="42" count="0" type="stmt"/>
        <line num="48" count="1" type="stmt"/>
        <line num="49" count="1" type="stmt"/>
        <line num="50" count="1" type="stmt"/>
        <line num="51" count="1" type="stmt"/>
        <line num="53" count="0" type="stmt"/>
        <line num="59" count="0" type="stmt"/>
        <line num="60" count="0" type="stmt"/>
        <line num="61" count="0" type="stmt"/>
        <line num="62" count="0" type="stmt"/>
        <line num="64" count="0" type="stmt"/>
        <line num="69" count="1" type="stmt"/>
      </file>
    </package>
    <package name="dbConfig">
      <metrics statements="3" coveredstatements="3" conditionals="0" coveredconditionals="0" methods="0" coveredmethods="0"/>
      <file name="init.js" path="C:\Users\CamilaPessoa\Documents\Futureproof\Habitual\Central_Repo_Habitual\Back_end_Habitual\dbConfig\init.js">
        <metrics statements="3" coveredstatements="3" conditionals="0" coveredconditionals="0" methods="0" coveredmethods="0"/>
        <line num="1" count="2" type="stmt"/>
        <line num="3" count="2" type="stmt"/>
        <line num="5" count="2" type="stmt"/>
      </file>
    </package>
    <package name="models">
      <metrics statements="37" coveredstatements="27" conditionals="0" coveredconditionals="0" methods="12" coveredmethods="10"/>
      <file name="habit.js" path="C:\Users\CamilaPessoa\Documents\Futureproof\Habitual\Central_Repo_Habitual\Back_end_Habitual\models\habit.js">
        <metrics statements="37" coveredstatements="27" conditionals="0" coveredconditionals="0" methods="12" coveredmethods="10"/>
        <line num="1" count="2" type="stmt"/>
        <line num="2" count="2" type="stmt"/>
        <line num="6" count="9" type="stmt"/>
        <line num="7" count="9" type="stmt"/>
        <line num="8" count="9" type="stmt"/>
        <line num="9" count="9" type="stmt"/>
        <line num="10" count="9" type="stmt"/>
        <line num="11" count="9" type="stmt"/>
        <line num="17" count="1" type="stmt"/>
        <line num="18" count="1" type="stmt"/>
        <line num="19" count="1" type="stmt"/>
        <line num="20" count="3" type="stmt"/>
        <line num="21" count="1" type="stmt"/>
        <line num="23" count="0" type="stmt"/>
        <line num="29" count="1" type="stmt"/>
        <line num="30" count="1" type="stmt"/>
        <line num="32" count="1" type="stmt"/>
        <line num="33" count="1" type="stmt"/>
        <line num="35" count="1" type="stmt"/>
        <line num="37" count="0" type="stmt"/>
        <line num="45" count="1" type="stmt"/>
        <line num="46" count="1" type="stmt"/>
        <line num="47" count="1" type="stmt"/>
        <line num="48" count="1" type="stmt"/>
        <line num="51" count="0" type="stmt"/>
        <line num="57" count="0" type="stmt"/>
        <line num="58" count="0" type="stmt"/>
        <line num="59" count="0" type="stmt"/>
        <line num="60" count="0" type="stmt"/>
        <line num="62" count="0" type="stmt"/>
        <line num="64" count="0" type="stmt"/>
        <line num="70" count="1" type="stmt"/>
        <line num="71" count="1" type="stmt"/>
        <line num="72" count="1" type="stmt"/>
        <line num="73" count="1" type="stmt"/>
        <line num="75" count="0" type="stmt"/>
        <line num="81" count="2" type="stmt"/>
      </file>
    </package>
  </project>
</coverage>
