{"C:\\Users\\CamilaPessoa\\Documents\\Futureproof\\Habitual\\Central_Repo_Habitual\\Back_end_Habitual\\dbConfig\\init.js": {"path":"C:\\Users\\CamilaPessoa\\Documents\\Futureproof\\Habitual\\Central_Repo_Habitual\\Back_end_Habitual\\dbConfig\\init.js","statementMap":{"0":{"start":{"line":1,"column":15},"end":{"line":1,"column":28}},"1":{"start":{"line":3,"column":13},"end":{"line":3,"column":23}},"2":{"start":{"line":5,"column":0},"end":{"line":5,"column":22}}},"fnMap":{},"branchMap":{},"s":{"0":1,"1":1,"2":1},"f":{},"b":{},"_coverageSchema":"1a1c01bbd47fc00a2c39e90264f33305004495a9","hash":"bf54267f65cb63f4bc42f39fd8932dc71607e1bd"}
,"C:\\Users\\CamilaPessoa\\Documents\\Futureproof\\Habitual\\Central_Repo_Habitual\\Back_end_Habitual\\models\\habit.js": {"path":"C:\\Users\\CamilaPessoa\\Documents\\Futureproof\\Habitual\\Central_Repo_Habitual\\Back_end_Habitual\\models\\habit.js","statementMap":{"0":{"start":{"line":1,"column":11},"end":{"line":1,"column":39}},"1":{"start":{"line":2,"column":12},"end":{"line":2,"column":43}},"2":{"start":{"line":6,"column":8},"end":{"line":6,"column":25}},"3":{"start":{"line":7,"column":8},"end":{"line":7,"column":41}},"4":{"start":{"line":8,"column":8},"end":{"line":8,"column":46}},"5":{"start":{"line":9,"column":8},"end":{"line":9,"column":33}},"6":{"start":{"line":10,"column":8},"end":{"line":10,"column":39}},"7":{"start":{"line":11,"column":8},"end":{"line":11,"column":48}},"8":{"start":{"line":17,"column":8},"end":{"line":25,"column":10}},"9":{"start":{"line":18,"column":12},"end":{"line":24,"column":13}},"10":{"start":{"line":19,"column":35},"end":{"line":19,"column":74}},"11":{"start":{"line":20,"column":31},"end":{"line":20,"column":69}},"12":{"start":{"line":20,"column":56},"end":{"line":20,"column":68}},"13":{"start":{"line":21,"column":16},"end":{"line":21,"column":28}},"14":{"start":{"line":23,"column":16},"end":{"line":23,"column":55}},"15":{"start":{"line":29,"column":8},"end":{"line":39,"column":10}},"16":{"start":{"line":30,"column":12},"end":{"line":38,"column":13}},"17":{"start":{"line":32,"column":33},"end":{"line":32,"column":99}},"18":{"start":{"line":33,"column":28},"end":{"line":33,"column":57}},"19":{"start":{"line":35,"column":16},"end":{"line":35,"column":27}},"20":{"start":{"line":37,"column":16},"end":{"line":37,"column":75}},"21":{"start":{"line":45,"column":8},"end":{"line":53,"column":10}},"22":{"start":{"line":46,"column":12},"end":{"line":52,"column":13}},"23":{"start":{"line":47,"column":33},"end":{"line":47,"column":164}},"24":{"start":{"line":48,"column":16},"end":{"line":48,"column":40}},"25":{"start":{"line":51,"column":16},"end":{"line":51,"column":59}},"26":{"start":{"line":57,"column":8},"end":{"line":66,"column":10}},"27":{"start":{"line":58,"column":12},"end":{"line":65,"column":13}},"28":{"start":{"line":59,"column":39},"end":{"line":59,"column":154}},"29":{"start":{"line":60,"column":35},"end":{"line":60,"column":70}},"30":{"start":{"line":62,"column":16},"end":{"line":62,"column":34}},"31":{"start":{"line":64,"column":16},"end":{"line":64,"column":52}},"32":{"start":{"line":70,"column":8},"end":{"line":77,"column":10}},"33":{"start":{"line":71,"column":12},"end":{"line":76,"column":13}},"34":{"start":{"line":72,"column":16},"end":{"line":72,"column":79}},"35":{"start":{"line":73,"column":16},"end":{"line":73,"column":40}},"36":{"start":{"line":75,"column":16},"end":{"line":75,"column":51}},"37":{"start":{"line":81,"column":0},"end":{"line":81,"column":23}}},"fnMap":{"0":{"name":"(anonymous_0)","decl":{"start":{"line":5,"column":4},"end":{"line":5,"column":5}},"loc":{"start":{"line":5,"column":21},"end":{"line":14,"column":5}},"line":5},"1":{"name":"(anonymous_1)","decl":{"start":{"line":16,"column":4},"end":{"line":16,"column":5}},"loc":{"start":{"line":16,"column":21},"end":{"line":26,"column":5}},"line":16},"2":{"name":"(anonymous_2)","decl":{"start":{"line":17,"column":28},"end":{"line":17,"column":29}},"loc":{"start":{"line":17,"column":48},"end":{"line":25,"column":9}},"line":17},"3":{"name":"(anonymous_3)","decl":{"start":{"line":20,"column":51},"end":{"line":20,"column":52}},"loc":{"start":{"line":20,"column":56},"end":{"line":20,"column":68}},"line":20},"4":{"name":"(anonymous_4)","decl":{"start":{"line":28,"column":4},"end":{"line":28,"column":5}},"loc":{"start":{"line":28,"column":24},"end":{"line":40,"column":5}},"line":28},"5":{"name":"(anonymous_5)","decl":{"start":{"line":29,"column":28},"end":{"line":29,"column":29}},"loc":{"start":{"line":29,"column":46},"end":{"line":39,"column":9}},"line":29},"6":{"name":"(anonymous_6)","decl":{"start":{"line":43,"column":4},"end":{"line":43,"column":5}},"loc":{"start":{"line":43,"column":51},"end":{"line":54,"column":5}},"line":43},"7":{"name":"(anonymous_7)","decl":{"start":{"line":45,"column":28},"end":{"line":45,"column":29}},"loc":{"start":{"line":45,"column":48},"end":{"line":53,"column":9}},"line":45},"8":{"name":"(anonymous_8)","decl":{"start":{"line":56,"column":4},"end":{"line":56,"column":5}},"loc":{"start":{"line":56,"column":12},"end":{"line":67,"column":5}},"line":56},"9":{"name":"(anonymous_9)","decl":{"start":{"line":57,"column":28},"end":{"line":57,"column":29}},"loc":{"start":{"line":57,"column":48},"end":{"line":66,"column":9}},"line":57},"10":{"name":"(anonymous_10)","decl":{"start":{"line":69,"column":4},"end":{"line":69,"column":5}},"loc":{"start":{"line":69,"column":13},"end":{"line":78,"column":5}},"line":69},"11":{"name":"(anonymous_11)","decl":{"start":{"line":70,"column":28},"end":{"line":70,"column":29}},"loc":{"start":{"line":70,"column":47},"end":{"line":77,"column":9}},"line":70}},"branchMap":{},"s":{"0":1,"1":1,"2":5,"3":5,"4":5,"5":5,"6":5,"7":5,"8":1,"9":1,"10":1,"11":1,"12":3,"13":1,"14":0,"15":1,"16":1,"17":1,"18":1,"19":1,"20":0,"21":1,"22":1,"23":1,"24":1,"25":0,"26":0,"27":0,"28":0,"29":0,"30":0,"31":0,"32":1,"33":1,"34":1,"35":1,"36":0,"37":1},"f":{"0":5,"1":1,"2":1,"3":3,"4":1,"5":1,"6":1,"7":1,"8":0,"9":0,"10":1,"11":1},"b":{},"_coverageSchema":"1a1c01bbd47fc00a2c39e90264f33305004495a9","hash":"86793e4389114d57066154d22329b1bbed358035"}
}
