TN:
SF:controllers\habits.js
FN:3,index
FN:14,show
FN:25,create
FN:35,update
FN:46,destroy
FN:57,patch
FNF:6
FNH:4
FNDA:1,index
FNDA:1,show
FNDA:1,create
FNDA:0,update
FNDA:1,destroy
FNDA:0,patch
DA:1,1
DA:5,1
DA:6,1
DA:7,1
DA:9,0
DA:16,1
DA:17,1
DA:18,1
DA:21,0
DA:27,1
DA:28,1
DA:29,1
DA:31,0
DA:37,0
DA:38,0
DA:39,0
DA:40,0
DA:42,0
DA:48,1
DA:49,1
DA:50,1
DA:51,1
DA:53,0
DA:59,0
DA:60,0
DA:61,0
DA:62,0
DA:64,0
DA:69,1
LF:29
LH:15
BRF:0
BRH:0
end_of_record
TN:
SF:dbConfig\init.js
FNF:0
FNH:0
DA:1,2
DA:3,2
DA:5,2
LF:3
LH:3
BRF:0
BRH:0
end_of_record
TN:
SF:models\habit.js
FN:5,(anonymous_0)
FN:16,(anonymous_1)
FN:17,(anonymous_2)
FN:20,(anonymous_3)
FN:28,(anonymous_4)
FN:29,(anonymous_5)
FN:43,(anonymous_6)
FN:45,(anonymous_7)
FN:56,(anonymous_8)
FN:57,(anonymous_9)
FN:69,(anonymous_10)
FN:70,(anonymous_11)
FNF:12
FNH:10
FNDA:9,(anonymous_0)
FNDA:1,(anonymous_1)
FNDA:1,(anonymous_2)
FNDA:3,(anonymous_3)
FNDA:1,(anonymous_4)
FNDA:1,(anonymous_5)
FNDA:1,(anonymous_6)
FNDA:1,(anonymous_7)
FNDA:0,(anonymous_8)
FNDA:0,(anonymous_9)
FNDA:1,(anonymous_10)
FNDA:1,(anonymous_11)
DA:1,2
DA:2,2
DA:6,9
DA:7,9
DA:8,9
DA:9,9
DA:10,9
DA:11,9
DA:17,1
DA:18,1
DA:19,1
DA:20,3
DA:21,1
DA:23,0
DA:29,1
DA:30,1
DA:32,1
DA:33,1
DA:35,1
DA:37,0
DA:45,1
DA:46,1
DA:47,1
DA:48,1
DA:51,0
DA:57,0
DA:58,0
DA:59,0
DA:60,0
DA:62,0
DA:64,0
DA:70,1
DA:71,1
DA:72,1
DA:73,1
DA:75,0
DA:81,2
LF:37
LH:27
BRF:0
BRH:0
end_of_record
